0 silly input []
1 silly flags {
1 silly flags   _: [ 'bootstrap' ],
1 silly flags   'reject-cycles': false,
1 silly flags   rejectCycles: false,
1 silly flags   args: []
1 silly flags }
2 verbose rootPath /home/romrem/vue-monorepo-boilerplate
3 info version 2.11.0
4 silly existsSync /home/romrem/vue-monorepo-boilerplate/VERSION
5 silly initialize attempt
6 silly npmConfig {
6 silly npmConfig   registry: undefined,
6 silly npmConfig   npmClient: 'yarn',
6 silly npmConfig   npmClientArgs: undefined,
6 silly npmConfig   mutex: 'network:42424'
6 silly npmConfig }
7 silly initialize success
8 silly execute attempt
9 info Bootstrapping 2 packages
10 silly installInDirOriginalPackageJson /home/romrem/vue-monorepo-boilerplate
11 silly getExecOpts { cwd: '/home/romrem/vue-monorepo-boilerplate' }
12 silly installInDir [
12 silly installInDir   'yarn',
12 silly installInDir   [ 'install', '--mutex', 'network:42424', '--non-interactive' ]
12 silly installInDir ]
13 error execute callback with error
14 error Error: Command failed: yarn install --mutex network:42424 --non-interactive
14 error warning package-lock.json found. Your project contains lock files generated by tools other than Yarn. It is advised not to mix package managers in order to avoid resolution inconsistencies caused by unsynchronized lock files. To clear this warning, remove package-lock.json.
14 error error Workspaces can only be enabled in private projects.
14 error info Visit https://yarnpkg.com/en/docs/cli/install for documentation about this command.
14 error
14 error     at /home/romrem/vue-monorepo-boilerplate/node_modules/execa/index.js:236:11
